SF:lib/data/card_data.dart
DA:3,0
DA:5,0
DA:7,9
DA:8,0
DA:12,6
DA:16,3
DA:17,3
DA:18,3
DA:19,6
DA:22,3
DA:28,3
DA:34,3
DA:40,3
DA:52,3
DA:59,1
DA:60,1
DA:62,1
DA:64,1
DA:66,1
DA:67,1
DA:69,1
DA:71,1
LF:22
LH:19
end_of_record
SF:lib/main.dart
DA:5,0
DA:6,0
DA:11,1
DA:13,1
DA:15,1
DA:17,1
DA:19,1
DA:25,2
DA:29,1
DA:30,1
DA:40,1
DA:48,1
DA:49,1
DA:52,3
DA:54,1
DA:55,1
DA:57,2
DA:62,0
DA:63,0
DA:64,0
DA:65,0
DA:67,0
DA:69,0
DA:73,0
DA:75,0
DA:76,0
DA:77,0
DA:78,0
DA:87,0
DA:89,0
DA:90,0
DA:91,0
DA:92,0
DA:93,0
DA:94,0
DA:95,0
DA:97,0
DA:102,1
DA:103,1
DA:104,1
DA:105,3
DA:106,1
DA:107,2
DA:108,3
DA:109,4
DA:115,2
DA:116,1
DA:117,1
DA:119,2
DA:120,0
DA:123,1
DA:124,2
DA:125,3
DA:126,2
DA:127,3
DA:128,2
DA:130,3
DA:131,2
DA:132,1
DA:141,1
DA:159,1
DA:161,1
DA:163,1
DA:164,1
DA:165,1
DA:166,1
DA:167,3
DA:173,0
DA:174,0
DA:177,1
DA:179,1
DA:180,1
DA:181,1
DA:182,1
DA:183,0
DA:184,0
DA:185,0
DA:186,1
DA:187,1
DA:188,1
DA:189,1
DA:190,1
DA:191,0
DA:192,0
DA:194,1
DA:197,1
DA:198,1
DA:212,1
DA:214,1
DA:216,2
DA:218,1
DA:219,3
DA:220,1
DA:222,2
DA:223,1
DA:224,1
DA:226,1
DA:227,1
DA:229,1
DA:230,1
DA:231,2
DA:233,1
DA:234,1
DA:235,2
DA:237,2
DA:241,2
DA:242,5
DA:246,1
DA:247,1
DA:249,2
DA:250,1
DA:252,8
DA:254,1
DA:256,1
DA:257,6
DA:258,4
DA:259,1
DA:261,5
DA:262,4
DA:263,1
DA:265,1
DA:266,7
DA:267,4
DA:268,1
DA:271,8
DA:272,1
DA:274,6
DA:275,4
DA:277,1
DA:281,2
DA:282,2
DA:283,1
DA:284,3
DA:286,1
DA:287,1
DA:289,1
DA:290,2
DA:291,2
DA:292,2
DA:293,4
DA:294,2
DA:295,2
DA:296,2
DA:297,2
DA:298,2
DA:299,1
DA:302,1
DA:306,0
LF:148
LH:117
end_of_record
SF:lib/services/card_set_logic.dart
DA:4,2
DA:5,10
DA:6,10
DA:7,10
DA:8,10
DA:12,2
DA:13,4
DA:14,8
DA:17,2
DA:18,4
DA:19,8
DA:22,2
DA:23,6
DA:25,0
DA:26,0
DA:29,2
DA:30,2
DA:33,2
DA:34,2
DA:35,4
DA:36,4
LF:21
LH:19
end_of_record
